<?xml version="1.0" encoding="UTF-8"?>
<!-- Generated by org.testng.reporters.JUnitReportReporter -->
<testsuite hostname="DESKTOP-VAEFJ5D" failures="0" tests="25" name="com.myplay.test.AutoTest" time="241.243" errors="0" timestamp="2020-10-04T22:47:04 IST" skipped="0">
  <testcase classname="com.myplay.test.AutoTest" name="searchWithoutLoginTrack" time="9.904"/>
  <system-out/>
  <testcase classname="com.myplay.test.AutoTest" name="searchWithoutLoginArtist" time="7.838"/>
  <system-out/>
  <testcase classname="com.myplay.test.AutoTest" name="searchWithoutLoginByArtistAddFavourite" time="11.913"/>
  <system-out/>
  <testcase classname="com.myplay.test.AutoTest" name="validatingSignUpbutton" time="4.721"/>
  <system-out/>
  <testcase classname="com.myplay.test.AutoTest" name="validatingHomebuttonFromRegisterPage" time="5.419"/>
  <system-out/>
  <testcase classname="com.myplay.test.AutoTest" name="validatingHomebuttonFromLoginPage" time="6.258"/>
  <system-out/>
  <testcase classname="com.myplay.test.AutoTest" name="uiFormValidation" time="6.864"/>
  <system-out/>
  <testcase classname="com.myplay.test.AutoTest" name="uiFormValidationUsername" time="5.969"/>
  <system-out/>
  <testcase classname="com.myplay.test.AutoTest" name="uiFormValidationEmail" time="6.544"/>
  <system-out/>
  <testcase classname="com.myplay.test.AutoTest" name="loginUserFail" time="5.650"/>
  <system-out/>
  <testcase classname="com.myplay.test.AutoTest" name="loginUser" time="5.932"/>
  <system-out/>
  <testcase classname="com.myplay.test.AutoTest" name="searchTrack" time="63.085"/>
  <system-out/>
  <testcase classname="com.myplay.test.AutoTest" name="verifyRecommendation" time="2.495"/>
  <system-out/>
  <testcase classname="com.myplay.test.AutoTest" name="deleteRecommendation" time="5.706"/>
  <system-out/>
  <testcase classname="com.myplay.test.AutoTest" name="searchTrackAndValidatePageNumber" time="8.267"/>
  <system-out/>
  <testcase classname="com.myplay.test.AutoTest" name="searchTrackAndValidateItemsPerPage" time="7.214"/>
  <system-out/>
  <testcase classname="com.myplay.test.AutoTest" name="searchTrackAndValidateNextPage" time="13.846"/>
  <system-out/>
  <testcase classname="com.myplay.test.AutoTest" name="searchTrackAndValidateNumberOfItemPerPage" time="14.904"/>
  <system-out/>
  <testcase classname="com.myplay.test.AutoTest" name="verifyLogOut" time="8.085"/>
  <system-out/>
  <testcase classname="com.myplay.test.AutoTest" name="loginUserAfterLogout" time="7.178"/>
  <system-out/>
  <testcase classname="com.myplay.test.AutoTest" name="verfiyProfile" time="1.016"/>
  <system-out/>
  <testcase classname="com.myplay.test.AutoTest" name="validateUpdatePassword" time="8.829"/>
  <system-out/>
  <testcase classname="com.myplay.test.AutoTest" name="validateLogOut" time="7.763"/>
  <system-out/>
  <testcase classname="com.myplay.test.AutoTest" name="verifyLoginAfterUpdatingPassword" time="7.634"/>
  <system-out/>
  <testcase classname="com.myplay.test.AutoTest" name="verifyLogOutAterUpdatingPassword" time="8.209"/>
  <system-out/>
</testsuite> <!-- com.myplay.test.AutoTest -->
